INFO 2025-05-08 08:33:46,130 autoreload 68754 8483818624 Watching for file changes with StatReloader
INFO 2025-05-08 08:34:03,629 basehttp 68754 6149173248 "OPTIONS /api/token/refresh/ HTTP/1.1" 200 0
INFO 2025-05-08 08:34:03,630 basehttp 68754 6132346880 "OPTIONS /api/restaurants/hot/?page=1&pageSize=12 HTTP/1.1" 200 0
INFO 2025-05-08 08:34:03,855 basehttp 68754 6165999616 "OPTIONS /api/token/refresh/ HTTP/1.1" 200 0
INFO 2025-05-08 08:34:03,874 basehttp 68754 6182825984 "OPTIONS /api/restaurants/hot/?page=1&pageSize=12 HTTP/1.1" 200 0
INFO 2025-05-08 08:34:03,900 basehttp 68754 6132346880 "POST /api/token/refresh/ HTTP/1.1" 200 241
INFO 2025-05-08 08:34:03,946 basehttp 68754 6132346880 "OPTIONS /api/bookings/my-bookings/ HTTP/1.1" 200 0
INFO 2025-05-08 08:34:04,088 basehttp 68754 6165999616 "POST /api/token/refresh/ HTTP/1.1" 200 241
INFO 2025-05-08 08:34:04,108 basehttp 68754 6165999616 "OPTIONS /api/restaurants/my-restaurants/ HTTP/1.1" 200 0
INFO 2025-05-08 08:34:04,342 basehttp 68754 6165999616 "GET /api/restaurants/my-restaurants/ HTTP/1.1" 200 14358
INFO 2025-05-08 08:34:04,677 basehttp 68754 6132346880 "GET /api/bookings/my-bookings/ HTTP/1.1" 200 1946
INFO 2025-05-08 08:34:04,682 basehttp 68754 6199652352 "OPTIONS /api/restaurants/60 HTTP/1.1" 200 0
INFO 2025-05-08 08:34:04,683 basehttp 68754 6132346880 "OPTIONS /api/restaurants/73 HTTP/1.1" 200 0
INFO 2025-05-08 08:34:04,684 basehttp 68754 6199652352 "OPTIONS /api/restaurants/60 HTTP/1.1" 200 0
INFO 2025-05-08 08:34:04,685 basehttp 68754 6132346880 "OPTIONS /api/restaurants/60 HTTP/1.1" 200 0
INFO 2025-05-08 08:34:04,686 basehttp 68754 6199652352 "OPTIONS /api/restaurants/60 HTTP/1.1" 200 0
INFO 2025-05-08 08:34:04,686 basehttp 68754 6216478720 "OPTIONS /api/restaurants/60 HTTP/1.1" 200 0
INFO 2025-05-08 08:34:04,686 basehttp 68754 6233305088 "OPTIONS /api/restaurants/60 HTTP/1.1" 200 0
INFO 2025-05-08 08:34:04,687 basehttp 68754 6132346880 "OPTIONS /api/restaurants/39 HTTP/1.1" 200 0
INFO 2025-05-08 08:34:04,689 basehttp 68754 6250131456 "OPTIONS /api/restaurants/60 HTTP/1.1" 200 0
INFO 2025-05-08 08:34:04,689 basehttp 68754 6216478720 "OPTIONS /api/restaurants/39 HTTP/1.1" 200 0
INFO 2025-05-08 08:34:04,694 basehttp 68754 6199652352 "GET /api/restaurants/60 HTTP/1.1" 301 0
INFO 2025-05-08 08:34:04,702 basehttp 68754 6233305088 "GET /api/restaurants/73 HTTP/1.1" 301 0
INFO 2025-05-08 08:34:04,706 basehttp 68754 6216478720 "OPTIONS /api/restaurants/60/ HTTP/1.1" 200 0
INFO 2025-05-08 08:34:04,707 basehttp 68754 6132346880 "GET /api/restaurants/39 HTTP/1.1" 301 0
INFO 2025-05-08 08:34:04,707 basehttp 68754 6199652352 "OPTIONS /api/restaurants/60/ HTTP/1.1" 200 0
INFO 2025-05-08 08:34:04,707 basehttp 68754 6250131456 "OPTIONS /api/restaurants/60/ HTTP/1.1" 200 0
INFO 2025-05-08 08:34:04,709 basehttp 68754 6266957824 "OPTIONS /api/restaurants/60/ HTTP/1.1" 200 0
INFO 2025-05-08 08:34:04,712 basehttp 68754 6283784192 "OPTIONS /api/restaurants/73/ HTTP/1.1" 200 0
INFO 2025-05-08 08:34:04,712 basehttp 68754 6250131456 "OPTIONS /api/restaurants/60/ HTTP/1.1" 200 0
INFO 2025-05-08 08:34:04,712 basehttp 68754 6199652352 "OPTIONS /api/restaurants/60/ HTTP/1.1" 200 0
INFO 2025-05-08 08:34:04,712 basehttp 68754 6216478720 "OPTIONS /api/restaurants/60/ HTTP/1.1" 200 0
INFO 2025-05-08 08:34:04,714 basehttp 68754 6283784192 "OPTIONS /api/restaurants/39/ HTTP/1.1" 200 0
INFO 2025-05-08 08:34:04,715 basehttp 68754 6250131456 "OPTIONS /api/restaurants/39/ HTTP/1.1" 200 0
INFO 2025-05-08 08:34:05,024 basehttp 68754 6199652352 "GET /api/restaurants/73/ HTTP/1.1" 200 566
INFO 2025-05-08 08:34:05,052 basehttp 68754 6250131456 "GET /api/restaurants/39/ HTTP/1.1" 200 801
INFO 2025-05-08 08:34:05,080 basehttp 68754 6266957824 "GET /api/restaurants/60/ HTTP/1.1" 200 867
INFO 2025-05-08 08:34:05,391 basehttp 68754 6199652352 "GET /api/restaurants/39/ HTTP/1.1" 200 801
INFO 2025-05-08 08:34:05,439 basehttp 68754 6250131456 "GET /api/restaurants/60/ HTTP/1.1" 200 867
INFO 2025-05-08 08:34:05,816 basehttp 68754 6199652352 "GET /api/restaurants/60/ HTTP/1.1" 200 867
INFO 2025-05-08 08:34:06,170 basehttp 68754 6149173248 "GET /api/restaurants/hot/?page=1&pageSize=12 HTTP/1.1" 200 2960
INFO 2025-05-08 08:34:06,183 basehttp 68754 6250131456 "GET /api/restaurants/60/ HTTP/1.1" 200 867
INFO 2025-05-08 08:34:06,375 basehttp 68754 6182825984 "GET /api/restaurants/hot/?page=1&pageSize=12 HTTP/1.1" 200 2960
INFO 2025-05-08 08:34:06,548 basehttp 68754 6149173248 "GET /api/restaurants/60/ HTTP/1.1" 200 867
INFO 2025-05-08 08:34:06,923 basehttp 68754 6250131456 "GET /api/restaurants/60/ HTTP/1.1" 200 867
INFO 2025-05-08 08:34:07,288 basehttp 68754 6149173248 "GET /api/restaurants/60/ HTTP/1.1" 200 867
INFO 2025-05-08 08:35:20,836 basehttp 68754 6149173248 "OPTIONS /api/restaurants/search/?city=San+Jose&date=2025-05-09&time=19%3A00&people=1&page=1&pageSize=12 HTTP/1.1" 200 0
INFO 2025-05-08 08:35:21,815 basehttp 68754 6149173248 "GET /api/restaurants/search/?city=San+Jose&date=2025-05-09&time=19%3A00&people=1&page=1&pageSize=12 HTTP/1.1" 200 1955
INFO 2025-05-08 08:35:32,187 basehttp 68754 6149173248 "OPTIONS /api/restaurants/search/?city=San+Jose&date=2025-05-09&time=19%3A00&people=1&page=1&pageSize=12&query=varitea HTTP/1.1" 200 0
INFO 2025-05-08 08:35:32,539 basehttp 68754 6149173248 "GET /api/restaurants/search/?city=San+Jose&date=2025-05-09&time=19%3A00&people=1&page=1&pageSize=12&query=varitea HTTP/1.1" 200 439
INFO 2025-05-08 08:35:39,539 basehttp 68754 6149173248 "OPTIONS /api/restaurants/search/?city=San+Jose&date=2025-05-09&time=19%3A00&people=1&page=1&pageSize=12&query=95126 HTTP/1.1" 200 0
INFO 2025-05-08 08:35:40,210 basehttp 68754 6149173248 "GET /api/restaurants/search/?city=San+Jose&date=2025-05-09&time=19%3A00&people=1&page=1&pageSize=12&query=95126 HTTP/1.1" 200 1066
INFO 2025-05-08 08:36:08,450 basehttp 68754 6250131456 "POST /api/token/refresh/ HTTP/1.1" 200 241
INFO 2025-05-08 08:36:09,171 basehttp 68754 6250131456 "GET /api/bookings/my-bookings/ HTTP/1.1" 200 1946
INFO 2025-05-08 08:36:09,484 basehttp 68754 6250131456 "GET /api/restaurants/73/ HTTP/1.1" 200 566
INFO 2025-05-08 08:36:09,515 basehttp 68754 6266957824 "GET /api/restaurants/39/ HTTP/1.1" 200 801
INFO 2025-05-08 08:36:09,534 basehttp 68754 6199652352 "GET /api/restaurants/60/ HTTP/1.1" 200 867
INFO 2025-05-08 08:36:09,844 basehttp 68754 6250131456 "GET /api/restaurants/39/ HTTP/1.1" 200 801
INFO 2025-05-08 08:36:09,881 basehttp 68754 6266957824 "GET /api/restaurants/60/ HTTP/1.1" 200 867
INFO 2025-05-08 08:36:10,232 basehttp 68754 6250131456 "GET /api/restaurants/60/ HTTP/1.1" 200 867
INFO 2025-05-08 08:36:10,593 basehttp 68754 6266957824 "GET /api/restaurants/60/ HTTP/1.1" 200 867
INFO 2025-05-08 08:36:10,717 basehttp 68754 6149173248 "GET /api/restaurants/hot/?page=1&pageSize=12 HTTP/1.1" 200 2960
INFO 2025-05-08 08:36:10,952 basehttp 68754 6250131456 "GET /api/restaurants/60/ HTTP/1.1" 200 867
INFO 2025-05-08 08:36:11,308 basehttp 68754 6149173248 "GET /api/restaurants/60/ HTTP/1.1" 200 867
INFO 2025-05-08 08:36:11,667 basehttp 68754 6250131456 "GET /api/restaurants/60/ HTTP/1.1" 200 867
INFO 2025-05-08 08:37:55,761 basehttp 68754 6250131456 "GET /api/bookings/my-bookings/ HTTP/1.1" 200 1946
INFO 2025-05-08 08:37:56,104 basehttp 68754 6250131456 "GET /api/restaurants/73/ HTTP/1.1" 200 566
INFO 2025-05-08 08:37:56,129 basehttp 68754 6266957824 "GET /api/restaurants/39/ HTTP/1.1" 200 801
INFO 2025-05-08 08:37:56,156 basehttp 68754 6149173248 "GET /api/restaurants/60/ HTTP/1.1" 200 867
INFO 2025-05-08 08:37:56,511 basehttp 68754 6250131456 "GET /api/restaurants/39/ HTTP/1.1" 200 801
INFO 2025-05-08 08:37:56,562 basehttp 68754 6266957824 "GET /api/restaurants/60/ HTTP/1.1" 200 867
INFO 2025-05-08 08:37:56,964 basehttp 68754 6250131456 "GET /api/restaurants/60/ HTTP/1.1" 200 867
INFO 2025-05-08 08:37:57,323 basehttp 68754 6266957824 "GET /api/restaurants/60/ HTTP/1.1" 200 867
INFO 2025-05-08 08:37:57,715 basehttp 68754 6250131456 "GET /api/restaurants/60/ HTTP/1.1" 200 867
INFO 2025-05-08 08:37:58,083 basehttp 68754 6266957824 "GET /api/restaurants/60/ HTTP/1.1" 200 867
INFO 2025-05-08 08:37:58,444 basehttp 68754 6250131456 "GET /api/restaurants/60/ HTTP/1.1" 200 867
INFO 2025-05-08 08:40:08,081 basehttp 68754 6266957824 "POST /api/token/refresh/ HTTP/1.1" 200 241
INFO 2025-05-08 08:40:08,495 basehttp 68754 6182825984 "POST /api/token/refresh/ HTTP/1.1" 200 241
INFO 2025-05-08 08:40:08,769 basehttp 68754 6182825984 "GET /api/restaurants/my-restaurants/ HTTP/1.1" 200 14358
INFO 2025-05-08 08:40:08,845 basehttp 68754 6266957824 "GET /api/bookings/my-bookings/ HTTP/1.1" 200 1946
INFO 2025-05-08 08:40:09,150 basehttp 68754 6266957824 "GET /api/restaurants/73/ HTTP/1.1" 200 566
INFO 2025-05-08 08:40:09,177 basehttp 68754 6199652352 "GET /api/restaurants/39/ HTTP/1.1" 200 801
INFO 2025-05-08 08:40:09,204 basehttp 68754 6149173248 "GET /api/restaurants/60/ HTTP/1.1" 200 867
INFO 2025-05-08 08:40:09,500 basehttp 68754 6266957824 "GET /api/restaurants/39/ HTTP/1.1" 200 801
INFO 2025-05-08 08:40:09,561 basehttp 68754 6199652352 "GET /api/restaurants/60/ HTTP/1.1" 200 867
INFO 2025-05-08 08:40:09,916 basehttp 68754 6266957824 "GET /api/restaurants/60/ HTTP/1.1" 200 867
INFO 2025-05-08 08:40:10,278 basehttp 68754 6199652352 "GET /api/restaurants/60/ HTTP/1.1" 200 867
INFO 2025-05-08 08:40:10,344 basehttp 68754 6250131456 "GET /api/restaurants/hot/?page=1&pageSize=12 HTTP/1.1" 200 2960
INFO 2025-05-08 08:40:10,647 basehttp 68754 6266957824 "GET /api/restaurants/60/ HTTP/1.1" 200 867
INFO 2025-05-08 08:40:10,745 basehttp 68754 6165999616 "GET /api/restaurants/hot/?page=1&pageSize=12 HTTP/1.1" 200 2960
INFO 2025-05-08 08:40:10,999 basehttp 68754 6250131456 "GET /api/restaurants/60/ HTTP/1.1" 200 867
INFO 2025-05-08 08:40:11,360 basehttp 68754 6266957824 "GET /api/restaurants/60/ HTTP/1.1" 200 867
INFO 2025-05-08 08:40:25,361 basehttp 68754 6266957824 "GET /api/bookings/my-bookings/ HTTP/1.1" 200 1946
INFO 2025-05-08 08:40:25,683 basehttp 68754 6266957824 "GET /api/restaurants/73/ HTTP/1.1" 200 566
INFO 2025-05-08 08:40:25,702 basehttp 68754 6149173248 "GET /api/restaurants/39/ HTTP/1.1" 200 801
INFO 2025-05-08 08:40:25,728 basehttp 68754 6199652352 "GET /api/restaurants/60/ HTTP/1.1" 200 867
INFO 2025-05-08 08:40:26,065 basehttp 68754 6266957824 "GET /api/restaurants/39/ HTTP/1.1" 200 801
INFO 2025-05-08 08:40:26,124 basehttp 68754 6149173248 "GET /api/restaurants/60/ HTTP/1.1" 200 867
INFO 2025-05-08 08:40:26,139 basehttp 68754 6250131456 "GET /api/bookings/my-bookings/ HTTP/1.1" 200 1946
INFO 2025-05-08 08:40:26,455 basehttp 68754 6250131456 "GET /api/restaurants/73/ HTTP/1.1" 200 566
INFO 2025-05-08 08:40:26,480 basehttp 68754 6266957824 "GET /api/restaurants/60/ HTTP/1.1" 200 867
INFO 2025-05-08 08:40:26,480 basehttp 68754 6149173248 "GET /api/restaurants/39/ HTTP/1.1" 200 801
INFO 2025-05-08 08:40:26,827 basehttp 68754 6199652352 "GET /api/restaurants/39/ HTTP/1.1" 200 801
INFO 2025-05-08 08:40:26,852 basehttp 68754 6250131456 "GET /api/restaurants/60/ HTTP/1.1" 200 867
INFO 2025-05-08 08:40:27,214 basehttp 68754 6199652352 "GET /api/restaurants/60/ HTTP/1.1" 200 867
INFO 2025-05-08 08:40:27,567 basehttp 68754 6250131456 "GET /api/restaurants/60/ HTTP/1.1" 200 867
INFO 2025-05-08 08:40:27,924 basehttp 68754 6199652352 "GET /api/restaurants/60/ HTTP/1.1" 200 867
INFO 2025-05-08 08:40:28,283 basehttp 68754 6250131456 "GET /api/restaurants/60/ HTTP/1.1" 200 867
INFO 2025-05-08 08:40:28,635 basehttp 68754 6199652352 "GET /api/restaurants/60/ HTTP/1.1" 200 867
INFO 2025-05-08 08:40:29,002 basehttp 68754 6250131456 "GET /api/restaurants/60/ HTTP/1.1" 200 867
INFO 2025-05-08 08:40:29,367 basehttp 68754 6199652352 "GET /api/restaurants/60/ HTTP/1.1" 200 867
INFO 2025-05-08 08:40:29,726 basehttp 68754 6250131456 "GET /api/restaurants/60/ HTTP/1.1" 200 867
INFO 2025-05-08 08:40:30,102 basehttp 68754 6199652352 "GET /api/restaurants/60/ HTTP/1.1" 200 867
INFO 2025-05-08 08:40:30,456 basehttp 68754 6250131456 "GET /api/restaurants/60/ HTTP/1.1" 200 867
INFO 2025-05-08 08:40:32,147 basehttp 68754 6250131456 "OPTIONS /api/bookings/my-bookings/16/cancel/ HTTP/1.1" 200 0
INFO 2025-05-08 08:40:32,482 basehttp 68754 6250131456 "POST /api/bookings/my-bookings/16/cancel/ HTTP/1.1" 200 196
INFO 2025-05-08 08:40:34,734 basehttp 68754 6250131456 "OPTIONS /api/restaurants/60/time-slots/?date=2025-05-08&time=12:00&people=2 HTTP/1.1" 200 0
INFO 2025-05-08 08:40:34,734 basehttp 68754 6199652352 "OPTIONS /api/restaurants/60/time-slots/?date=2025-05-08&time=12:00&people=2 HTTP/1.1" 200 0
INFO 2025-05-08 08:40:34,951 views 68754 6250131456 Fetching time slots for restaurant 60
WARNING 2025-05-08 08:40:35,002 views 68754 6250131456 Restaurant 60 is closed on Thursday
WARNING 2025-05-08 08:40:35,002 basehttp 68754 6250131456 "GET /api/restaurants/60/time-slots/?date=2025-05-08&time=12:00&people=2 HTTP/1.1" 400 44
INFO 2025-05-08 08:40:35,100 basehttp 68754 6199652352 "GET /api/restaurants/60/ HTTP/1.1" 200 867
INFO 2025-05-08 08:40:35,205 views 68754 6149173248 Fetching time slots for restaurant 60
WARNING 2025-05-08 08:40:35,255 views 68754 6149173248 Restaurant 60 is closed on Thursday
WARNING 2025-05-08 08:40:35,255 basehttp 68754 6149173248 "GET /api/restaurants/60/time-slots/?date=2025-05-08&time=12:00&people=2 HTTP/1.1" 400 44
INFO 2025-05-08 08:40:35,462 basehttp 68754 6250131456 "GET /api/restaurants/60/ HTTP/1.1" 200 867
INFO 2025-05-08 08:40:38,715 basehttp 68754 6250131456 "GET /api/bookings/my-bookings/ HTTP/1.1" 200 1949
INFO 2025-05-08 08:40:39,033 basehttp 68754 6250131456 "GET /api/restaurants/73/ HTTP/1.1" 200 566
INFO 2025-05-08 08:40:39,058 basehttp 68754 6266957824 "GET /api/restaurants/39/ HTTP/1.1" 200 801
INFO 2025-05-08 08:40:39,088 basehttp 68754 6199652352 "GET /api/restaurants/60/ HTTP/1.1" 200 867
INFO 2025-05-08 08:40:39,392 basehttp 68754 6250131456 "GET /api/restaurants/39/ HTTP/1.1" 200 801
INFO 2025-05-08 08:40:39,446 basehttp 68754 6149173248 "GET /api/bookings/my-bookings/ HTTP/1.1" 200 1949
INFO 2025-05-08 08:40:39,447 basehttp 68754 6266957824 "GET /api/restaurants/60/ HTTP/1.1" 200 867
INFO 2025-05-08 08:40:39,763 basehttp 68754 6266957824 "GET /api/restaurants/73/ HTTP/1.1" 200 566
INFO 2025-05-08 08:40:39,786 basehttp 68754 6250131456 "GET /api/restaurants/39/ HTTP/1.1" 200 801
INFO 2025-05-08 08:40:39,820 basehttp 68754 6149173248 "GET /api/restaurants/60/ HTTP/1.1" 200 867
INFO 2025-05-08 08:40:40,126 basehttp 68754 6266957824 "GET /api/restaurants/39/ HTTP/1.1" 200 801
INFO 2025-05-08 08:40:40,185 basehttp 68754 6250131456 "GET /api/restaurants/60/ HTTP/1.1" 200 867
INFO 2025-05-08 08:40:40,563 basehttp 68754 6266957824 "GET /api/restaurants/60/ HTTP/1.1" 200 867
INFO 2025-05-08 08:40:40,920 basehttp 68754 6250131456 "GET /api/restaurants/60/ HTTP/1.1" 200 867
INFO 2025-05-08 08:40:41,279 basehttp 68754 6266957824 "GET /api/restaurants/60/ HTTP/1.1" 200 867
INFO 2025-05-08 08:40:41,633 basehttp 68754 6250131456 "GET /api/restaurants/60/ HTTP/1.1" 200 867
INFO 2025-05-08 08:40:41,991 basehttp 68754 6266957824 "GET /api/restaurants/60/ HTTP/1.1" 200 867
INFO 2025-05-08 08:40:42,346 basehttp 68754 6250131456 "GET /api/restaurants/60/ HTTP/1.1" 200 867
INFO 2025-05-08 08:40:42,712 basehttp 68754 6266957824 "GET /api/restaurants/60/ HTTP/1.1" 200 867
INFO 2025-05-08 08:40:43,071 basehttp 68754 6250131456 "GET /api/restaurants/60/ HTTP/1.1" 200 867
INFO 2025-05-08 08:40:43,437 basehttp 68754 6266957824 "GET /api/restaurants/60/ HTTP/1.1" 200 867
INFO 2025-05-08 08:40:43,789 basehttp 68754 6250131456 "GET /api/restaurants/60/ HTTP/1.1" 200 867
INFO 2025-05-08 08:40:53,489 views 68754 6250131456 Fetching time slots for restaurant 60
WARNING 2025-05-08 08:40:53,539 views 68754 6250131456 Restaurant 60 is closed on Thursday
WARNING 2025-05-08 08:40:53,539 basehttp 68754 6250131456 "GET /api/restaurants/60/time-slots/?date=2025-05-08&time=12:00&people=2 HTTP/1.1" 400 44
INFO 2025-05-08 08:40:53,637 basehttp 68754 6266957824 "GET /api/restaurants/60/ HTTP/1.1" 200 867
INFO 2025-05-08 08:40:53,744 views 68754 6149173248 Fetching time slots for restaurant 60
WARNING 2025-05-08 08:40:53,796 views 68754 6149173248 Restaurant 60 is closed on Thursday
WARNING 2025-05-08 08:40:53,796 basehttp 68754 6149173248 "GET /api/restaurants/60/time-slots/?date=2025-05-08&time=12:00&people=2 HTTP/1.1" 400 44
INFO 2025-05-08 08:40:54,003 basehttp 68754 6250131456 "GET /api/restaurants/60/ HTTP/1.1" 200 867
INFO 2025-05-08 08:40:56,515 basehttp 68754 6250131456 "OPTIONS /api/restaurants/67 HTTP/1.1" 200 0
INFO 2025-05-08 08:40:56,515 basehttp 68754 6199652352 "OPTIONS /api/restaurants/67/time-slots/?date=2025-05-08&time=12:00&people=2 HTTP/1.1" 200 0
INFO 2025-05-08 08:40:56,515 basehttp 68754 6266957824 "OPTIONS /api/restaurants/67 HTTP/1.1" 200 0
INFO 2025-05-08 08:40:56,516 basehttp 68754 6149173248 "OPTIONS /api/restaurants/67/time-slots/?date=2025-05-08&time=12:00&people=2 HTTP/1.1" 200 0
INFO 2025-05-08 08:40:56,520 basehttp 68754 6199652352 "GET /api/restaurants/67 HTTP/1.1" 301 0
INFO 2025-05-08 08:40:56,521 basehttp 68754 6149173248 "OPTIONS /api/restaurants/67/ HTTP/1.1" 200 0
INFO 2025-05-08 08:40:56,522 basehttp 68754 6266957824 "OPTIONS /api/restaurants/67/ HTTP/1.1" 200 0
INFO 2025-05-08 08:40:56,729 views 68754 6250131456 Fetching time slots for restaurant 67
INFO 2025-05-08 08:40:56,852 basehttp 68754 6149173248 "GET /api/restaurants/67/ HTTP/1.1" 200 675
INFO 2025-05-08 08:40:57,199 basehttp 68754 6266957824 "GET /api/restaurants/67/ HTTP/1.1" 200 675
INFO 2025-05-08 08:40:59,384 basehttp 68754 6149173248 "OPTIONS /api/restaurants/39/time-slots/?date=2025-05-08&time=12:00&people=2 HTTP/1.1" 200 0
INFO 2025-05-08 08:40:59,384 basehttp 68754 6266957824 "OPTIONS /api/restaurants/39/time-slots/?date=2025-05-08&time=12:00&people=2 HTTP/1.1" 200 0
INFO 2025-05-08 08:40:59,593 views 68754 6149173248 Fetching time slots for restaurant 39
INFO 2025-05-08 08:40:59,709 basehttp 68754 6266957824 "GET /api/restaurants/39/ HTTP/1.1" 200 801
INFO 2025-05-08 08:40:59,884 views 68754 6250131456 Found 0 available time slots for restaurant 67
INFO 2025-05-08 08:40:59,884 basehttp 68754 6250131456 "GET /api/restaurants/67/time-slots/?date=2025-05-08&time=12:00&people=2 HTTP/1.1" 200 60
INFO 2025-05-08 08:41:00,043 basehttp 68754 6132346880 "GET /api/restaurants/39/ HTTP/1.1" 200 801
INFO 2025-05-08 08:41:00,093 views 68754 6266957824 Fetching time slots for restaurant 67
INFO 2025-05-08 08:41:02,730 views 68754 6149173248 Found 2 available time slots for restaurant 39
INFO 2025-05-08 08:41:02,730 basehttp 68754 6149173248 "GET /api/restaurants/39/time-slots/?date=2025-05-08&time=12:00&people=2 HTTP/1.1" 200 114
INFO 2025-05-08 08:41:02,939 views 68754 6132346880 Fetching time slots for restaurant 39
INFO 2025-05-08 08:41:03,232 basehttp 68754 6149173248 "OPTIONS /api/restaurants/hot/?page=2&pageSize=12 HTTP/1.1" 200 0
INFO 2025-05-08 08:41:03,235 views 68754 6266957824 Found 0 available time slots for restaurant 67
INFO 2025-05-08 08:41:03,235 basehttp 68754 6266957824 "GET /api/restaurants/67/time-slots/?date=2025-05-08&time=12:00&people=2 HTTP/1.1" 200 60
INFO 2025-05-08 08:41:05,658 basehttp 68754 6149173248 "GET /api/restaurants/hot/?page=2&pageSize=12 HTTP/1.1" 200 2583
INFO 2025-05-08 08:41:06,064 views 68754 6132346880 Found 2 available time slots for restaurant 39
INFO 2025-05-08 08:41:06,064 basehttp 68754 6132346880 "GET /api/restaurants/39/time-slots/?date=2025-05-08&time=12:00&people=2 HTTP/1.1" 200 114
INFO 2025-05-08 08:41:07,625 basehttp 68754 6132346880 "OPTIONS /api/restaurants/66 HTTP/1.1" 200 0
INFO 2025-05-08 08:41:07,625 basehttp 68754 6149173248 "OPTIONS /api/restaurants/66/time-slots/?date=2025-05-08&time=12:00&people=2 HTTP/1.1" 200 0
INFO 2025-05-08 08:41:07,626 basehttp 68754 6250131456 "OPTIONS /api/restaurants/66/time-slots/?date=2025-05-08&time=12:00&people=2 HTTP/1.1" 200 0
INFO 2025-05-08 08:41:07,626 basehttp 68754 6266957824 "OPTIONS /api/restaurants/66 HTTP/1.1" 200 0
INFO 2025-05-08 08:41:07,635 basehttp 68754 6149173248 "GET /api/restaurants/66 HTTP/1.1" 301 0
INFO 2025-05-08 08:41:07,636 basehttp 68754 6266957824 "OPTIONS /api/restaurants/66/ HTTP/1.1" 200 0
INFO 2025-05-08 08:41:07,638 basehttp 68754 6266957824 "OPTIONS /api/restaurants/66/ HTTP/1.1" 200 0
INFO 2025-05-08 08:41:07,842 views 68754 6250131456 Fetching time slots for restaurant 66
INFO 2025-05-08 08:41:07,937 basehttp 68754 6132346880 "GET /api/restaurants/66/ HTTP/1.1" 200 592
INFO 2025-05-08 08:41:08,241 basehttp 68754 6266957824 "GET /api/restaurants/66/ HTTP/1.1" 200 592
INFO 2025-05-08 08:41:10,947 views 68754 6250131456 Found 0 available time slots for restaurant 66
INFO 2025-05-08 08:41:10,947 basehttp 68754 6250131456 "GET /api/restaurants/66/time-slots/?date=2025-05-08&time=12:00&people=2 HTTP/1.1" 200 67
INFO 2025-05-08 08:41:11,160 views 68754 6266957824 Fetching time slots for restaurant 66
INFO 2025-05-08 08:41:11,243 basehttp 68754 6250131456 "OPTIONS /api/restaurants/hot/?page=3&pageSize=12 HTTP/1.1" 200 0
INFO 2025-05-08 08:41:13,659 basehttp 68754 6250131456 "GET /api/restaurants/hot/?page=3&pageSize=12 HTTP/1.1" 200 1797
INFO 2025-05-08 08:41:14,265 views 68754 6266957824 Found 0 available time slots for restaurant 66
INFO 2025-05-08 08:41:14,265 basehttp 68754 6266957824 "GET /api/restaurants/66/time-slots/?date=2025-05-08&time=12:00&people=2 HTTP/1.1" 200 67
INFO 2025-05-08 08:41:15,349 basehttp 68754 6266957824 "OPTIONS /api/restaurants/72 HTTP/1.1" 200 0
INFO 2025-05-08 08:41:15,349 basehttp 68754 6132346880 "OPTIONS /api/restaurants/72 HTTP/1.1" 200 0
INFO 2025-05-08 08:41:15,349 basehttp 68754 6250131456 "OPTIONS /api/restaurants/72/time-slots/?date=2025-05-08&time=12:00&people=2 HTTP/1.1" 200 0
INFO 2025-05-08 08:41:15,350 basehttp 68754 6149173248 "OPTIONS /api/restaurants/72/time-slots/?date=2025-05-08&time=12:00&people=2 HTTP/1.1" 200 0
INFO 2025-05-08 08:41:15,352 basehttp 68754 6250131456 "GET /api/restaurants/72 HTTP/1.1" 301 0
INFO 2025-05-08 08:41:15,354 basehttp 68754 6149173248 "OPTIONS /api/restaurants/72/ HTTP/1.1" 200 0
INFO 2025-05-08 08:41:15,354 basehttp 68754 6132346880 "OPTIONS /api/restaurants/72/ HTTP/1.1" 200 0
INFO 2025-05-08 08:41:15,558 views 68754 6266957824 Fetching time slots for restaurant 72
WARNING 2025-05-08 08:41:15,610 views 68754 6266957824 Restaurant 72 is closed on Thursday
WARNING 2025-05-08 08:41:15,610 basehttp 68754 6266957824 "GET /api/restaurants/72/time-slots/?date=2025-05-08&time=12:00&people=2 HTTP/1.1" 400 44
INFO 2025-05-08 08:41:15,656 basehttp 68754 6132346880 "GET /api/restaurants/72/ HTTP/1.1" 200 437
INFO 2025-05-08 08:41:15,840 views 68754 6149173248 Fetching time slots for restaurant 72
WARNING 2025-05-08 08:41:15,890 views 68754 6149173248 Restaurant 72 is closed on Thursday
WARNING 2025-05-08 08:41:15,891 basehttp 68754 6149173248 "GET /api/restaurants/72/time-slots/?date=2025-05-08&time=12:00&people=2 HTTP/1.1" 400 44
INFO 2025-05-08 08:41:15,966 basehttp 68754 6266957824 "GET /api/restaurants/72/ HTTP/1.1" 200 437
INFO 2025-05-08 08:41:21,510 views 68754 6266957824 Fetching time slots for restaurant 72
WARNING 2025-05-08 08:41:21,560 views 68754 6266957824 Restaurant 72 is closed on Thursday
WARNING 2025-05-08 08:41:21,561 basehttp 68754 6266957824 "GET /api/restaurants/72/time-slots/?date=2025-05-08&time=12:00&people=2 HTTP/1.1" 400 44
INFO 2025-05-08 08:41:21,625 basehttp 68754 6149173248 "GET /api/restaurants/72/ HTTP/1.1" 200 437
INFO 2025-05-08 08:41:21,774 views 68754 6132346880 Fetching time slots for restaurant 72
WARNING 2025-05-08 08:41:21,828 views 68754 6132346880 Restaurant 72 is closed on Thursday
WARNING 2025-05-08 08:41:21,829 basehttp 68754 6132346880 "GET /api/restaurants/72/time-slots/?date=2025-05-08&time=12:00&people=2 HTTP/1.1" 400 44
INFO 2025-05-08 08:41:21,930 basehttp 68754 6266957824 "GET /api/restaurants/72/ HTTP/1.1" 200 437
INFO 2025-05-08 08:41:46,853 basehttp 68754 6266957824 "OPTIONS /api/restaurants/search/?city=San+Francisco&date=2025-05-11&time=19%3A00&people=1&page=1&pageSize=12 HTTP/1.1" 200 0
INFO 2025-05-08 08:41:47,078 basehttp 68754 6266957824 "GET /api/restaurants/search/?city=San+Francisco&date=2025-05-11&time=19%3A00&people=1&page=1&pageSize=12 HTTP/1.1" 200 2
INFO 2025-05-08 08:41:53,836 basehttp 68754 6266957824 "OPTIONS /api/restaurants/search/?city=San+Jose&date=2025-05-11&time=19%3A00&people=1&page=1&pageSize=12 HTTP/1.1" 200 0
INFO 2025-05-08 08:41:54,700 basehttp 68754 6266957824 "GET /api/restaurants/search/?city=San+Jose&date=2025-05-11&time=19%3A00&people=1&page=1&pageSize=12 HTTP/1.1" 200 1517
INFO 2025-05-08 08:42:00,317 basehttp 68754 6266957824 "OPTIONS /api/restaurants/search/?city=San+Jose&date=2025-05-12&time=19%3A00&people=1&page=1&pageSize=12 HTTP/1.1" 200 0
INFO 2025-05-08 08:42:01,277 basehttp 68754 6266957824 "GET /api/restaurants/search/?city=San+Jose&date=2025-05-12&time=19%3A00&people=1&page=1&pageSize=12 HTTP/1.1" 200 1955
INFO 2025-05-08 08:42:03,246 basehttp 68754 6266957824 "OPTIONS /api/restaurants/73/time-slots/?date=2025-05-08&time=12:00&people=2 HTTP/1.1" 200 0
INFO 2025-05-08 08:42:03,246 basehttp 68754 6132346880 "OPTIONS /api/restaurants/73/time-slots/?date=2025-05-08&time=12:00&people=2 HTTP/1.1" 200 0
INFO 2025-05-08 08:42:03,454 views 68754 6132346880 Fetching time slots for restaurant 73
WARNING 2025-05-08 08:42:03,504 views 68754 6132346880 Restaurant 73 is closed on Thursday
WARNING 2025-05-08 08:42:03,505 basehttp 68754 6132346880 "GET /api/restaurants/73/time-slots/?date=2025-05-08&time=12:00&people=2 HTTP/1.1" 400 44
INFO 2025-05-08 08:42:03,554 basehttp 68754 6266957824 "GET /api/restaurants/73/ HTTP/1.1" 200 566
INFO 2025-05-08 08:42:03,713 views 68754 6149173248 Fetching time slots for restaurant 73
WARNING 2025-05-08 08:42:03,764 views 68754 6149173248 Restaurant 73 is closed on Thursday
WARNING 2025-05-08 08:42:03,764 basehttp 68754 6149173248 "GET /api/restaurants/73/time-slots/?date=2025-05-08&time=12:00&people=2 HTTP/1.1" 400 44
INFO 2025-05-08 08:42:03,866 basehttp 68754 6132346880 "GET /api/restaurants/73/ HTTP/1.1" 200 566
INFO 2025-05-08 08:42:10,587 views 68754 6132346880 Fetching time slots for restaurant 73
WARNING 2025-05-08 08:42:10,638 views 68754 6132346880 Restaurant 73 is closed on Thursday
WARNING 2025-05-08 08:42:10,638 basehttp 68754 6132346880 "GET /api/restaurants/73/time-slots/?date=2025-05-08&time=12:00&people=2 HTTP/1.1" 400 44
INFO 2025-05-08 08:42:10,687 basehttp 68754 6149173248 "GET /api/restaurants/73/ HTTP/1.1" 200 566
INFO 2025-05-08 08:42:10,853 views 68754 6266957824 Fetching time slots for restaurant 73
WARNING 2025-05-08 08:42:10,906 views 68754 6266957824 Restaurant 73 is closed on Thursday
WARNING 2025-05-08 08:42:10,907 basehttp 68754 6266957824 "GET /api/restaurants/73/time-slots/?date=2025-05-08&time=12:00&people=2 HTTP/1.1" 400 44
INFO 2025-05-08 08:42:11,009 basehttp 68754 6132346880 "GET /api/restaurants/73/ HTTP/1.1" 200 566
INFO 2025-05-08 08:45:18,952 views 68754 6132346880 Fetching time slots for restaurant 73
WARNING 2025-05-08 08:45:19,004 views 68754 6132346880 Restaurant 73 is closed on Thursday
WARNING 2025-05-08 08:45:19,005 basehttp 68754 6132346880 "GET /api/restaurants/73/time-slots/?date=2025-05-08&time=12:00&people=2 HTTP/1.1" 400 44
INFO 2025-05-08 08:45:19,053 basehttp 68754 6149173248 "GET /api/restaurants/73/ HTTP/1.1" 200 566
INFO 2025-05-08 08:45:31,244 views 68754 6131773440 Fetching time slots for restaurant 73
WARNING 2025-05-08 08:45:31,300 views 68754 6131773440 Restaurant 73 is closed on Thursday
WARNING 2025-05-08 08:45:31,300 basehttp 68754 6131773440 "GET /api/restaurants/73/time-slots/?date=2025-05-08&time=12:00&people=2 HTTP/1.1" 400 44
INFO 2025-05-08 08:45:31,347 basehttp 68754 6166573056 "GET /api/restaurants/73/ HTTP/1.1" 200 566
INFO 2025-05-08 08:45:42,895 views 68754 6131773440 Fetching time slots for restaurant 73
WARNING 2025-05-08 08:45:42,947 views 68754 6131773440 Restaurant 73 is closed on Thursday
WARNING 2025-05-08 08:45:42,947 basehttp 68754 6131773440 "GET /api/restaurants/73/time-slots/?date=2025-05-08&time=12:00&people=2 HTTP/1.1" 400 44
INFO 2025-05-08 08:45:43,003 basehttp 68754 6148599808 "GET /api/restaurants/73/ HTTP/1.1" 200 566
INFO 2025-05-08 08:45:51,269 views 68754 6165999616 Fetching time slots for restaurant 73
WARNING 2025-05-08 08:45:51,320 views 68754 6165999616 Restaurant 73 is closed on Thursday
WARNING 2025-05-08 08:45:51,321 basehttp 68754 6165999616 "GET /api/restaurants/73/time-slots/?date=2025-05-08&time=12:00&people=2 HTTP/1.1" 400 44
INFO 2025-05-08 08:45:51,372 basehttp 68754 6182825984 "GET /api/restaurants/73/ HTTP/1.1" 200 566
INFO 2025-05-08 08:46:02,442 views 68754 6199652352 Fetching time slots for restaurant 73
WARNING 2025-05-08 08:46:02,491 views 68754 6199652352 Restaurant 73 is closed on Thursday
WARNING 2025-05-08 08:46:02,492 basehttp 68754 6199652352 "GET /api/restaurants/73/time-slots/?date=2025-05-08&time=12:00&people=2 HTTP/1.1" 400 44
INFO 2025-05-08 08:46:02,545 basehttp 68754 6216478720 "GET /api/restaurants/73/ HTTP/1.1" 200 566
INFO 2025-05-08 08:46:15,431 views 68754 6131773440 Fetching time slots for restaurant 73
WARNING 2025-05-08 08:46:15,483 views 68754 6131773440 Restaurant 73 is closed on Thursday
WARNING 2025-05-08 08:46:15,484 basehttp 68754 6131773440 "GET /api/restaurants/73/time-slots/?date=2025-05-08&time=12:00&people=2 HTTP/1.1" 400 44
INFO 2025-05-08 08:46:15,529 basehttp 68754 6148599808 "GET /api/restaurants/73/ HTTP/1.1" 200 566
INFO 2025-05-08 08:47:47,414 basehttp 68754 6182825984 "POST /api/token/refresh/ HTTP/1.1" 200 241
INFO 2025-05-08 08:47:49,676 basehttp 68754 6165999616 "GET /api/restaurants/hot/?page=1&pageSize=12 HTTP/1.1" 200 2960
INFO 2025-05-08 08:48:09,352 basehttp 68754 6165999616 "GET /api/restaurants/hot/?page=2&pageSize=12 HTTP/1.1" 200 2583
INFO 2025-05-08 08:48:13,356 basehttp 68754 6165999616 "GET /api/restaurants/hot/?page=1&pageSize=12 HTTP/1.1" 200 2960
INFO 2025-05-08 08:49:47,988 views 68754 6132346880 Fetching time slots for restaurant 73
WARNING 2025-05-08 08:49:48,041 views 68754 6132346880 Restaurant 73 is closed on Thursday
WARNING 2025-05-08 08:49:48,041 basehttp 68754 6132346880 "GET /api/restaurants/73/time-slots/?date=2025-05-08&time=12:00&people=2 HTTP/1.1" 400 44
INFO 2025-05-08 08:49:48,091 basehttp 68754 6149173248 "GET /api/restaurants/73/ HTTP/1.1" 200 566
INFO 2025-05-08 08:49:48,248 views 68754 6165999616 Fetching time slots for restaurant 73
WARNING 2025-05-08 08:49:48,297 views 68754 6165999616 Restaurant 73 is closed on Thursday
WARNING 2025-05-08 08:49:48,297 basehttp 68754 6165999616 "GET /api/restaurants/73/time-slots/?date=2025-05-08&time=12:00&people=2 HTTP/1.1" 400 44
INFO 2025-05-08 08:49:48,398 basehttp 68754 6132346880 "GET /api/restaurants/73/ HTTP/1.1" 200 566
INFO 2025-05-08 08:49:54,632 views 68754 6132346880 Fetching time slots for restaurant 60
WARNING 2025-05-08 08:49:54,684 views 68754 6132346880 Restaurant 60 is closed on Thursday
WARNING 2025-05-08 08:49:54,684 basehttp 68754 6132346880 "GET /api/restaurants/60/time-slots/?date=2025-05-08&time=12:00&people=2 HTTP/1.1" 400 44
INFO 2025-05-08 08:49:54,779 basehttp 68754 6165999616 "GET /api/restaurants/60/ HTTP/1.1" 200 867
INFO 2025-05-08 08:49:54,888 views 68754 6149173248 Fetching time slots for restaurant 60
WARNING 2025-05-08 08:49:54,938 views 68754 6149173248 Restaurant 60 is closed on Thursday
WARNING 2025-05-08 08:49:54,938 basehttp 68754 6149173248 "GET /api/restaurants/60/time-slots/?date=2025-05-08&time=12:00&people=2 HTTP/1.1" 400 44
INFO 2025-05-08 08:49:55,138 basehttp 68754 6132346880 "GET /api/restaurants/60/ HTTP/1.1" 200 867
INFO 2025-05-08 08:49:59,594 views 68754 6132346880 Fetching time slots for restaurant 39
INFO 2025-05-08 08:49:59,717 basehttp 68754 6149173248 "GET /api/restaurants/39/ HTTP/1.1" 200 801
INFO 2025-05-08 08:50:00,049 basehttp 68754 6165999616 "GET /api/restaurants/39/ HTTP/1.1" 200 801
INFO 2025-05-08 08:50:02,667 views 68754 6132346880 Found 2 available time slots for restaurant 39
INFO 2025-05-08 08:50:02,667 basehttp 68754 6132346880 "GET /api/restaurants/39/time-slots/?date=2025-05-08&time=12:00&people=2 HTTP/1.1" 200 114
INFO 2025-05-08 08:50:02,878 views 68754 6165999616 Fetching time slots for restaurant 39
INFO 2025-05-08 08:50:03,187 views 68754 6132346880 Fetching time slots for restaurant 67
INFO 2025-05-08 08:50:03,301 basehttp 68754 6149173248 "GET /api/restaurants/67/ HTTP/1.1" 200 675
INFO 2025-05-08 08:50:03,630 basehttp 68754 6182825984 "GET /api/restaurants/67/ HTTP/1.1" 200 675
INFO 2025-05-08 08:50:06,045 views 68754 6165999616 Found 2 available time slots for restaurant 39
INFO 2025-05-08 08:50:06,045 basehttp 68754 6165999616 "GET /api/restaurants/39/time-slots/?date=2025-05-08&time=12:00&people=2 HTTP/1.1" 200 114
INFO 2025-05-08 08:50:06,348 views 68754 6132346880 Found 0 available time slots for restaurant 67
INFO 2025-05-08 08:50:06,348 basehttp 68754 6132346880 "GET /api/restaurants/67/time-slots/?date=2025-05-08&time=12:00&people=2 HTTP/1.1" 200 60
INFO 2025-05-08 08:50:06,558 views 68754 6165999616 Fetching time slots for restaurant 67
INFO 2025-05-08 08:50:07,099 basehttp 68754 6132346880 "OPTIONS /api/restaurants/43 HTTP/1.1" 200 0
INFO 2025-05-08 08:50:07,114 basehttp 68754 6149173248 "OPTIONS /api/restaurants/43 HTTP/1.1" 200 0
INFO 2025-05-08 08:50:07,114 basehttp 68754 6199652352 "OPTIONS /api/restaurants/43/time-slots/?date=2025-05-08&time=12:00&people=2 HTTP/1.1" 200 0
INFO 2025-05-08 08:50:07,115 basehttp 68754 6182825984 "OPTIONS /api/restaurants/43/time-slots/?date=2025-05-08&time=12:00&people=2 HTTP/1.1" 200 0
INFO 2025-05-08 08:50:07,118 basehttp 68754 6132346880 "GET /api/restaurants/43 HTTP/1.1" 301 0
INFO 2025-05-08 08:50:07,119 basehttp 68754 6149173248 "OPTIONS /api/restaurants/43/ HTTP/1.1" 200 0
INFO 2025-05-08 08:50:07,124 basehttp 68754 6182825984 "OPTIONS /api/restaurants/43/ HTTP/1.1" 200 0
INFO 2025-05-08 08:50:07,324 views 68754 6199652352 Fetching time slots for restaurant 43
INFO 2025-05-08 08:50:07,425 basehttp 68754 6149173248 "GET /api/restaurants/43/ HTTP/1.1" 200 405
INFO 2025-05-08 08:50:07,730 basehttp 68754 6182825984 "GET /api/restaurants/43/ HTTP/1.1" 200 405
INFO 2025-05-08 08:50:09,693 views 68754 6165999616 Found 0 available time slots for restaurant 67
INFO 2025-05-08 08:50:09,693 basehttp 68754 6165999616 "GET /api/restaurants/67/time-slots/?date=2025-05-08&time=12:00&people=2 HTTP/1.1" 200 60
INFO 2025-05-08 08:50:10,455 views 68754 6199652352 Found 0 available time slots for restaurant 43
INFO 2025-05-08 08:50:10,455 basehttp 68754 6199652352 "GET /api/restaurants/43/time-slots/?date=2025-05-08&time=12:00&people=2 HTTP/1.1" 200 70
INFO 2025-05-08 08:50:10,668 views 68754 6165999616 Fetching time slots for restaurant 43
INFO 2025-05-08 08:50:13,286 basehttp 68754 6199652352 "GET /api/restaurants/hot/?page=2&pageSize=12 HTTP/1.1" 200 2583
INFO 2025-05-08 08:50:13,762 views 68754 6165999616 Found 0 available time slots for restaurant 43
INFO 2025-05-08 08:50:13,762 basehttp 68754 6165999616 "GET /api/restaurants/43/time-slots/?date=2025-05-08&time=12:00&people=2 HTTP/1.1" 200 70
INFO 2025-05-08 08:50:15,767 views 68754 6165999616 Fetching time slots for restaurant 66
INFO 2025-05-08 08:50:15,867 basehttp 68754 6199652352 "GET /api/restaurants/66/ HTTP/1.1" 200 592
INFO 2025-05-08 08:50:16,165 basehttp 68754 6182825984 "GET /api/restaurants/66/ HTTP/1.1" 200 592
INFO 2025-05-08 08:50:18,851 views 68754 6165999616 Found 0 available time slots for restaurant 66
INFO 2025-05-08 08:50:18,852 basehttp 68754 6165999616 "GET /api/restaurants/66/time-slots/?date=2025-05-08&time=12:00&people=2 HTTP/1.1" 200 67
INFO 2025-05-08 08:50:19,059 views 68754 6182825984 Fetching time slots for restaurant 66
INFO 2025-05-08 08:50:21,486 basehttp 68754 6165999616 "GET /api/restaurants/hot/?page=3&pageSize=12 HTTP/1.1" 200 1797
INFO 2025-05-08 08:50:22,201 views 68754 6182825984 Found 0 available time slots for restaurant 66
INFO 2025-05-08 08:50:22,201 basehttp 68754 6182825984 "GET /api/restaurants/66/time-slots/?date=2025-05-08&time=12:00&people=2 HTTP/1.1" 200 67
INFO 2025-05-08 08:50:25,426 views 68754 6182825984 Fetching time slots for restaurant 72
WARNING 2025-05-08 08:50:25,478 views 68754 6182825984 Restaurant 72 is closed on Thursday
WARNING 2025-05-08 08:50:25,478 basehttp 68754 6182825984 "GET /api/restaurants/72/time-slots/?date=2025-05-08&time=12:00&people=2 HTTP/1.1" 400 44
INFO 2025-05-08 08:50:25,529 basehttp 68754 6165999616 "GET /api/restaurants/72/ HTTP/1.1" 200 437
INFO 2025-05-08 08:50:25,693 views 68754 6199652352 Fetching time slots for restaurant 72
WARNING 2025-05-08 08:50:25,745 views 68754 6199652352 Restaurant 72 is closed on Thursday
WARNING 2025-05-08 08:50:25,745 basehttp 68754 6199652352 "GET /api/restaurants/72/time-slots/?date=2025-05-08&time=12:00&people=2 HTTP/1.1" 400 44
INFO 2025-05-08 08:50:25,832 basehttp 68754 6182825984 "GET /api/restaurants/72/ HTTP/1.1" 200 437
INFO 2025-05-08 08:50:29,429 views 68754 6182825984 Fetching time slots for restaurant 72
WARNING 2025-05-08 08:50:29,480 views 68754 6182825984 Restaurant 72 is closed on Thursday
WARNING 2025-05-08 08:50:29,480 basehttp 68754 6182825984 "GET /api/restaurants/72/time-slots/?date=2025-05-08&time=12:00&people=2 HTTP/1.1" 400 44
INFO 2025-05-08 08:50:29,530 basehttp 68754 6199652352 "GET /api/restaurants/72/ HTTP/1.1" 200 437
INFO 2025-05-08 08:50:29,705 views 68754 6165999616 Fetching time slots for restaurant 72
WARNING 2025-05-08 08:50:29,756 views 68754 6165999616 Restaurant 72 is closed on Thursday
WARNING 2025-05-08 08:50:29,756 basehttp 68754 6165999616 "GET /api/restaurants/72/time-slots/?date=2025-05-08&time=12:00&people=2 HTTP/1.1" 400 44
INFO 2025-05-08 08:50:29,835 basehttp 68754 6182825984 "GET /api/restaurants/72/ HTTP/1.1" 200 437
INFO 2025-05-08 08:50:32,752 basehttp 68754 6165999616 "OPTIONS /api/restaurants/64/time-slots/?date=2025-05-08&time=12:00&people=2 HTTP/1.1" 200 0
INFO 2025-05-08 08:50:32,752 basehttp 68754 6182825984 "OPTIONS /api/restaurants/64 HTTP/1.1" 200 0
INFO 2025-05-08 08:50:32,754 basehttp 68754 6149173248 "OPTIONS /api/restaurants/64/time-slots/?date=2025-05-08&time=12:00&people=2 HTTP/1.1" 200 0
INFO 2025-05-08 08:50:32,756 basehttp 68754 6199652352 "OPTIONS /api/restaurants/64 HTTP/1.1" 200 0
INFO 2025-05-08 08:50:32,757 basehttp 68754 6182825984 "GET /api/restaurants/64 HTTP/1.1" 301 0
INFO 2025-05-08 08:50:32,758 basehttp 68754 6199652352 "OPTIONS /api/restaurants/64/ HTTP/1.1" 200 0
INFO 2025-05-08 08:50:32,758 basehttp 68754 6149173248 "OPTIONS /api/restaurants/64/ HTTP/1.1" 200 0
INFO 2025-05-08 08:50:32,972 views 68754 6165999616 Fetching time slots for restaurant 64
INFO 2025-05-08 08:50:33,074 basehttp 68754 6199652352 "GET /api/restaurants/64/ HTTP/1.1" 200 601
INFO 2025-05-08 08:50:33,388 basehttp 68754 6149173248 "GET /api/restaurants/64/ HTTP/1.1" 200 601
INFO 2025-05-08 08:50:36,030 views 68754 6165999616 Found 0 available time slots for restaurant 64
INFO 2025-05-08 08:50:36,030 basehttp 68754 6165999616 "GET /api/restaurants/64/time-slots/?date=2025-05-08&time=12:00&people=2 HTTP/1.1" 200 67
INFO 2025-05-08 08:50:36,231 views 68754 6149173248 Fetching time slots for restaurant 64
INFO 2025-05-08 08:50:39,278 views 68754 6149173248 Found 0 available time slots for restaurant 64
INFO 2025-05-08 08:50:39,278 basehttp 68754 6149173248 "GET /api/restaurants/64/time-slots/?date=2025-05-08&time=12:00&people=2 HTTP/1.1" 200 67
INFO 2025-05-08 08:50:42,200 basehttp 68754 6149173248 "OPTIONS /api/restaurants/65 HTTP/1.1" 200 0
INFO 2025-05-08 08:50:42,203 basehttp 68754 6165999616 "OPTIONS /api/restaurants/65/time-slots/?date=2025-05-08&time=12:00&people=2 HTTP/1.1" 200 0
INFO 2025-05-08 08:50:42,202 basehttp 68754 6199652352 "OPTIONS /api/restaurants/65 HTTP/1.1" 200 0
INFO 2025-05-08 08:50:42,202 basehttp 68754 6132346880 "OPTIONS /api/restaurants/65/time-slots/?date=2025-05-08&time=12:00&people=2 HTTP/1.1" 200 0
INFO 2025-05-08 08:50:42,207 basehttp 68754 6149173248 "GET /api/restaurants/65 HTTP/1.1" 301 0
INFO 2025-05-08 08:50:42,209 basehttp 68754 6199652352 "OPTIONS /api/restaurants/65/ HTTP/1.1" 200 0
INFO 2025-05-08 08:50:42,209 basehttp 68754 6132346880 "OPTIONS /api/restaurants/65/ HTTP/1.1" 200 0
INFO 2025-05-08 08:50:42,426 views 68754 6165999616 Fetching time slots for restaurant 65
INFO 2025-05-08 08:50:42,535 basehttp 68754 6199652352 "GET /api/restaurants/65/ HTTP/1.1" 200 592
INFO 2025-05-08 08:50:42,849 basehttp 68754 6132346880 "GET /api/restaurants/65/ HTTP/1.1" 200 592
INFO 2025-05-08 08:50:45,442 basehttp 68754 6199652352 "OPTIONS /api/restaurants/68/time-slots/?date=2025-05-08&time=12:00&people=2 HTTP/1.1" 200 0
INFO 2025-05-08 08:50:45,442 basehttp 68754 6132346880 "OPTIONS /api/restaurants/68 HTTP/1.1" 200 0
INFO 2025-05-08 08:50:45,443 basehttp 68754 6182825984 "OPTIONS /api/restaurants/68 HTTP/1.1" 200 0
INFO 2025-05-08 08:50:45,443 basehttp 68754 6216478720 "OPTIONS /api/restaurants/68/time-slots/?date=2025-05-08&time=12:00&people=2 HTTP/1.1" 200 0
INFO 2025-05-08 08:50:45,446 basehttp 68754 6182825984 "GET /api/restaurants/68 HTTP/1.1" 301 0
INFO 2025-05-08 08:50:45,447 basehttp 68754 6216478720 "OPTIONS /api/restaurants/68/ HTTP/1.1" 200 0
INFO 2025-05-08 08:50:45,447 basehttp 68754 6199652352 "OPTIONS /api/restaurants/68/ HTTP/1.1" 200 0
INFO 2025-05-08 08:50:45,587 views 68754 6165999616 Found 0 available time slots for restaurant 65
INFO 2025-05-08 08:50:45,588 basehttp 68754 6165999616 "GET /api/restaurants/65/time-slots/?date=2025-05-08&time=12:00&people=2 HTTP/1.1" 200 67
INFO 2025-05-08 08:50:45,644 views 68754 6132346880 Fetching time slots for restaurant 68
INFO 2025-05-08 08:50:45,756 basehttp 68754 6216478720 "GET /api/restaurants/68/ HTTP/1.1" 200 429
INFO 2025-05-08 08:50:45,796 views 68754 6199652352 Fetching time slots for restaurant 65
INFO 2025-05-08 08:50:46,067 basehttp 68754 6165999616 "GET /api/restaurants/68/ HTTP/1.1" 200 429
INFO 2025-05-08 08:50:48,710 views 68754 6132346880 Found 0 available time slots for restaurant 68
INFO 2025-05-08 08:50:48,711 basehttp 68754 6132346880 "GET /api/restaurants/68/time-slots/?date=2025-05-08&time=12:00&people=2 HTTP/1.1" 200 62
INFO 2025-05-08 08:50:48,855 views 68754 6199652352 Found 0 available time slots for restaurant 65
INFO 2025-05-08 08:50:48,855 basehttp 68754 6199652352 "GET /api/restaurants/65/time-slots/?date=2025-05-08&time=12:00&people=2 HTTP/1.1" 200 67
INFO 2025-05-08 08:50:48,916 views 68754 6165999616 Fetching time slots for restaurant 68
INFO 2025-05-08 08:50:49,231 views 68754 6199652352 Fetching time slots for restaurant 72
WARNING 2025-05-08 08:50:49,281 views 68754 6199652352 Restaurant 72 is closed on Thursday
WARNING 2025-05-08 08:50:49,282 basehttp 68754 6199652352 "GET /api/restaurants/72/time-slots/?date=2025-05-08&time=12:00&people=2 HTTP/1.1" 400 44
INFO 2025-05-08 08:50:49,333 basehttp 68754 6132346880 "GET /api/restaurants/72/ HTTP/1.1" 200 437
INFO 2025-05-08 08:50:49,487 views 68754 6216478720 Fetching time slots for restaurant 72
WARNING 2025-05-08 08:50:49,537 views 68754 6216478720 Restaurant 72 is closed on Thursday
WARNING 2025-05-08 08:50:49,537 basehttp 68754 6216478720 "GET /api/restaurants/72/time-slots/?date=2025-05-08&time=12:00&people=2 HTTP/1.1" 400 44
INFO 2025-05-08 08:50:49,631 basehttp 68754 6199652352 "GET /api/restaurants/72/ HTTP/1.1" 200 437
INFO 2025-05-08 08:50:52,002 views 68754 6165999616 Found 0 available time slots for restaurant 68
INFO 2025-05-08 08:50:52,003 basehttp 68754 6165999616 "GET /api/restaurants/68/time-slots/?date=2025-05-08&time=12:00&people=2 HTTP/1.1" 200 62
INFO 2025-05-08 08:51:39,943 views 68754 6165999616 Fetching time slots for restaurant 72
WARNING 2025-05-08 08:51:39,992 views 68754 6165999616 Restaurant 72 is closed on Thursday
WARNING 2025-05-08 08:51:39,993 basehttp 68754 6165999616 "GET /api/restaurants/72/time-slots/?date=2025-05-08&time=12:00&people=2 HTTP/1.1" 400 44
INFO 2025-05-08 08:51:40,044 basehttp 68754 6199652352 "GET /api/restaurants/72/ HTTP/1.1" 200 437
INFO 2025-05-08 08:51:43,729 views 68754 6199652352 Fetching time slots for restaurant 72
INFO 2025-05-08 08:51:43,943 basehttp 68754 6216478720 "POST /api/token/refresh/ HTTP/1.1" 200 241
WARNING 2025-05-08 08:51:43,969 views 68754 6199652352 Restaurant 72 is closed on Thursday
WARNING 2025-05-08 08:51:43,970 basehttp 68754 6199652352 "GET /api/restaurants/72/time-slots/?date=2025-05-08&time=12:00&people=2 HTTP/1.1" 400 44
INFO 2025-05-08 08:51:44,014 basehttp 68754 6132346880 "GET /api/restaurants/72/ HTTP/1.1" 200 437
INFO 2025-05-08 08:51:44,175 views 68754 6216478720 Fetching time slots for restaurant 72
WARNING 2025-05-08 08:51:44,225 views 68754 6216478720 Restaurant 72 is closed on Thursday
WARNING 2025-05-08 08:51:44,225 basehttp 68754 6216478720 "GET /api/restaurants/72/time-slots/?date=2025-05-08&time=12:00&people=2 HTTP/1.1" 400 44
INFO 2025-05-08 08:51:44,318 basehttp 68754 6199652352 "GET /api/restaurants/72/ HTTP/1.1" 200 437
INFO 2025-05-08 08:51:46,134 basehttp 68754 6165999616 "GET /api/restaurants/hot/?page=1&pageSize=12 HTTP/1.1" 200 2960
INFO 2025-05-08 08:51:58,271 views 68754 6165999616 Fetching time slots for restaurant 39
INFO 2025-05-08 08:51:58,394 basehttp 68754 6199652352 "GET /api/restaurants/39/ HTTP/1.1" 200 801
INFO 2025-05-08 08:51:58,726 basehttp 68754 6216478720 "GET /api/restaurants/39/ HTTP/1.1" 200 801
INFO 2025-05-08 08:52:01,383 views 68754 6165999616 Found 2 available time slots for restaurant 39
INFO 2025-05-08 08:52:01,383 basehttp 68754 6165999616 "GET /api/restaurants/39/time-slots/?date=2025-05-08&time=12:00&people=2 HTTP/1.1" 200 114
INFO 2025-05-08 08:52:01,592 views 68754 6216478720 Fetching time slots for restaurant 39
INFO 2025-05-08 08:52:04,697 views 68754 6216478720 Found 2 available time slots for restaurant 39
INFO 2025-05-08 08:52:04,698 basehttp 68754 6216478720 "GET /api/restaurants/39/time-slots/?date=2025-05-08&time=12:00&people=2 HTTP/1.1" 200 114
INFO 2025-05-08 08:52:05,882 basehttp 68754 6165999616 "GET /api/restaurants/hot/?page=2&pageSize=12 HTTP/1.1" 200 2583
INFO 2025-05-08 08:52:09,951 basehttp 68754 6165999616 "GET /api/restaurants/hot/?page=3&pageSize=12 HTTP/1.1" 200 1797
INFO 2025-05-08 08:52:11,072 views 68754 6165999616 Fetching time slots for restaurant 72
WARNING 2025-05-08 08:52:11,122 views 68754 6165999616 Restaurant 72 is closed on Thursday
WARNING 2025-05-08 08:52:11,123 basehttp 68754 6165999616 "GET /api/restaurants/72/time-slots/?date=2025-05-08&time=12:00&people=2 HTTP/1.1" 400 44
INFO 2025-05-08 08:52:11,174 basehttp 68754 6216478720 "GET /api/restaurants/72/ HTTP/1.1" 200 437
INFO 2025-05-08 08:52:11,331 views 68754 6199652352 Fetching time slots for restaurant 72
WARNING 2025-05-08 08:52:11,382 views 68754 6199652352 Restaurant 72 is closed on Thursday
WARNING 2025-05-08 08:52:11,383 basehttp 68754 6199652352 "GET /api/restaurants/72/time-slots/?date=2025-05-08&time=12:00&people=2 HTTP/1.1" 400 44
INFO 2025-05-08 08:52:11,486 basehttp 68754 6165999616 "GET /api/restaurants/72/ HTTP/1.1" 200 437
INFO 2025-05-08 08:52:21,285 basehttp 68754 6199652352 "POST /api/token/refresh/ HTTP/1.1" 200 241
INFO 2025-05-08 08:52:23,509 basehttp 68754 6165999616 "GET /api/restaurants/hot/?page=1&pageSize=12 HTTP/1.1" 200 2960
INFO 2025-05-08 08:54:51,139 views 68754 6165999616 Fetching time slots for restaurant 39
INFO 2025-05-08 08:54:51,274 basehttp 68754 6199652352 "GET /api/restaurants/39/ HTTP/1.1" 200 801
INFO 2025-05-08 08:54:51,604 basehttp 68754 6216478720 "GET /api/restaurants/39/ HTTP/1.1" 200 801
INFO 2025-05-08 08:54:54,247 views 68754 6165999616 Found 2 available time slots for restaurant 39
INFO 2025-05-08 08:54:54,247 basehttp 68754 6165999616 "GET /api/restaurants/39/time-slots/?date=2025-05-08&time=12:00&people=2 HTTP/1.1" 200 114
INFO 2025-05-08 08:54:54,459 views 68754 6216478720 Fetching time slots for restaurant 39
INFO 2025-05-08 08:54:56,256 views 68754 6165999616 Fetching time slots for restaurant 60
WARNING 2025-05-08 08:54:56,308 views 68754 6165999616 Restaurant 60 is closed on Thursday
WARNING 2025-05-08 08:54:56,309 basehttp 68754 6165999616 "GET /api/restaurants/60/time-slots/?date=2025-05-08&time=12:00&people=2 HTTP/1.1" 400 44
INFO 2025-05-08 08:54:56,406 basehttp 68754 6199652352 "GET /api/restaurants/60/ HTTP/1.1" 200 867
INFO 2025-05-08 08:54:56,516 views 68754 6132346880 Fetching time slots for restaurant 60
WARNING 2025-05-08 08:54:56,566 views 68754 6132346880 Restaurant 60 is closed on Thursday
WARNING 2025-05-08 08:54:56,566 basehttp 68754 6132346880 "GET /api/restaurants/60/time-slots/?date=2025-05-08&time=12:00&people=2 HTTP/1.1" 400 44
INFO 2025-05-08 08:54:56,763 basehttp 68754 6165999616 "GET /api/restaurants/60/ HTTP/1.1" 200 867
INFO 2025-05-08 08:54:57,625 views 68754 6216478720 Found 2 available time slots for restaurant 39
INFO 2025-05-08 08:54:57,625 basehttp 68754 6216478720 "GET /api/restaurants/39/time-slots/?date=2025-05-08&time=12:00&people=2 HTTP/1.1" 200 114
INFO 2025-05-08 08:55:17,207 views 68754 6216478720 Fetching time slots for restaurant 67
INFO 2025-05-08 08:55:17,340 basehttp 68754 6165999616 "GET /api/restaurants/67/ HTTP/1.1" 200 675
INFO 2025-05-08 08:55:17,681 basehttp 68754 6132346880 "GET /api/restaurants/67/ HTTP/1.1" 200 675
INFO 2025-05-08 08:55:20,291 views 68754 6216478720 Found 0 available time slots for restaurant 67
INFO 2025-05-08 08:55:20,292 basehttp 68754 6216478720 "GET /api/restaurants/67/time-slots/?date=2025-05-08&time=12:00&people=2 HTTP/1.1" 200 60
INFO 2025-05-08 08:55:20,535 views 68754 6132346880 Fetching time slots for restaurant 67
INFO 2025-05-08 08:55:23,645 views 68754 6132346880 Found 0 available time slots for restaurant 67
INFO 2025-05-08 08:55:23,645 basehttp 68754 6132346880 "GET /api/restaurants/67/time-slots/?date=2025-05-08&time=12:00&people=2 HTTP/1.1" 200 60
INFO 2025-05-08 08:55:31,606 basehttp 68754 6132346880 "GET /api/restaurants/hot/?page=2&pageSize=12 HTTP/1.1" 200 2583
INFO 2025-05-08 08:55:36,016 basehttp 68754 6132346880 "GET /api/restaurants/hot/?page=3&pageSize=12 HTTP/1.1" 200 1797
INFO 2025-05-08 08:55:38,356 views 68754 6132346880 Fetching time slots for restaurant 68
INFO 2025-05-08 08:55:38,478 basehttp 68754 6216478720 "GET /api/restaurants/68/ HTTP/1.1" 200 429
INFO 2025-05-08 08:55:38,790 basehttp 68754 6165999616 "GET /api/restaurants/68/ HTTP/1.1" 200 429
INFO 2025-05-08 08:55:41,445 views 68754 6132346880 Found 0 available time slots for restaurant 68
INFO 2025-05-08 08:55:41,445 basehttp 68754 6132346880 "GET /api/restaurants/68/time-slots/?date=2025-05-08&time=12:00&people=2 HTTP/1.1" 200 62
INFO 2025-05-08 08:55:41,658 views 68754 6165999616 Fetching time slots for restaurant 68
INFO 2025-05-08 08:55:44,813 views 68754 6165999616 Found 0 available time slots for restaurant 68
INFO 2025-05-08 08:55:44,814 basehttp 68754 6165999616 "GET /api/restaurants/68/time-slots/?date=2025-05-08&time=12:00&people=2 HTTP/1.1" 200 62
INFO 2025-05-08 08:55:57,332 views 68754 6165999616 Fetching time slots for restaurant 65
INFO 2025-05-08 08:55:57,436 basehttp 68754 6132346880 "GET /api/restaurants/65/ HTTP/1.1" 200 592
INFO 2025-05-08 08:55:57,736 basehttp 68754 6216478720 "GET /api/restaurants/65/ HTTP/1.1" 200 592
INFO 2025-05-08 08:56:00,444 views 68754 6165999616 Found 0 available time slots for restaurant 65
INFO 2025-05-08 08:56:00,444 basehttp 68754 6165999616 "GET /api/restaurants/65/time-slots/?date=2025-05-08&time=12:00&people=2 HTTP/1.1" 200 67
INFO 2025-05-08 08:56:00,664 views 68754 6216478720 Fetching time slots for restaurant 65
INFO 2025-05-08 08:56:03,716 views 68754 6216478720 Found 0 available time slots for restaurant 65
INFO 2025-05-08 08:56:03,716 basehttp 68754 6216478720 "GET /api/restaurants/65/time-slots/?date=2025-05-08&time=12:00&people=2 HTTP/1.1" 200 67
INFO 2025-05-08 08:56:18,221 basehttp 68754 6216478720 "OPTIONS /api/restaurants/search/?city=Atlanta&date=2025-05-12&time=19%3A00&people=1&page=1&pageSize=12&query=dream HTTP/1.1" 200 0
INFO 2025-05-08 08:56:18,504 basehttp 68754 6216478720 "GET /api/restaurants/search/?city=Atlanta&date=2025-05-12&time=19%3A00&people=1&page=1&pageSize=12&query=dream HTTP/1.1" 200 90
INFO 2025-05-08 08:56:19,595 basehttp 68754 6165999616 "OPTIONS /api/restaurants/59/time-slots/?date=2025-05-08&time=12:00&people=2 HTTP/1.1" 200 0
INFO 2025-05-08 08:56:19,596 basehttp 68754 6132346880 "OPTIONS /api/restaurants/59 HTTP/1.1" 200 0
INFO 2025-05-08 08:56:19,596 basehttp 68754 6216478720 "OPTIONS /api/restaurants/59 HTTP/1.1" 200 0
INFO 2025-05-08 08:56:19,597 basehttp 68754 6199652352 "OPTIONS /api/restaurants/59/time-slots/?date=2025-05-08&time=12:00&people=2 HTTP/1.1" 200 0
INFO 2025-05-08 08:56:19,600 basehttp 68754 6165999616 "GET /api/restaurants/59 HTTP/1.1" 301 0
INFO 2025-05-08 08:56:19,601 basehttp 68754 6199652352 "OPTIONS /api/restaurants/59/ HTTP/1.1" 200 0
INFO 2025-05-08 08:56:19,601 basehttp 68754 6216478720 "OPTIONS /api/restaurants/59/ HTTP/1.1" 200 0
INFO 2025-05-08 08:56:19,808 views 68754 6132346880 Fetching time slots for restaurant 59
INFO 2025-05-08 08:56:19,908 basehttp 68754 6199652352 "GET /api/restaurants/59/ HTTP/1.1" 200 412
INFO 2025-05-08 08:56:20,212 basehttp 68754 6216478720 "GET /api/restaurants/59/ HTTP/1.1" 200 412
INFO 2025-05-08 08:56:22,925 views 68754 6132346880 Found 0 available time slots for restaurant 59
INFO 2025-05-08 08:56:22,925 basehttp 68754 6132346880 "GET /api/restaurants/59/time-slots/?date=2025-05-08&time=12:00&people=2 HTTP/1.1" 200 61
INFO 2025-05-08 08:56:23,131 views 68754 6216478720 Fetching time slots for restaurant 59
INFO 2025-05-08 08:56:26,199 views 68754 6216478720 Found 0 available time slots for restaurant 59
INFO 2025-05-08 08:56:26,199 basehttp 68754 6216478720 "GET /api/restaurants/59/time-slots/?date=2025-05-08&time=12:00&people=2 HTTP/1.1" 200 61
INFO 2025-05-08 08:57:11,009 views 68754 6216478720 Fetching time slots for restaurant 59
INFO 2025-05-08 08:57:11,213 basehttp 68754 6132346880 "POST /api/token/refresh/ HTTP/1.1" 200 241
INFO 2025-05-08 08:57:11,315 basehttp 68754 6149173248 "GET /api/restaurants/59/ HTTP/1.1" 200 412
INFO 2025-05-08 08:57:11,626 basehttp 68754 6132346880 "GET /api/restaurants/59/ HTTP/1.1" 200 412
INFO 2025-05-08 08:57:13,518 basehttp 68754 6199652352 "GET /api/restaurants/hot/?page=1&pageSize=12 HTTP/1.1" 200 2960
INFO 2025-05-08 08:57:14,337 views 68754 6216478720 Found 0 available time slots for restaurant 59
INFO 2025-05-08 08:57:14,338 basehttp 68754 6216478720 "GET /api/restaurants/59/time-slots/?date=2025-05-08&time=12:00&people=2 HTTP/1.1" 200 61
INFO 2025-05-08 08:57:14,548 views 68754 6199652352 Fetching time slots for restaurant 59
INFO 2025-05-08 08:57:17,690 views 68754 6199652352 Found 0 available time slots for restaurant 59
INFO 2025-05-08 08:57:17,690 basehttp 68754 6199652352 "GET /api/restaurants/59/time-slots/?date=2025-05-08&time=12:00&people=2 HTTP/1.1" 200 61
INFO 2025-05-08 08:57:52,300 basehttp 68754 6199652352 "GET /api/restaurants/hot/?page=2&pageSize=12 HTTP/1.1" 200 2583
INFO 2025-05-08 08:57:57,287 basehttp 68754 6199652352 "OPTIONS /api/restaurants/62 HTTP/1.1" 200 0
INFO 2025-05-08 08:57:57,288 basehttp 68754 6216478720 "OPTIONS /api/restaurants/62/time-slots/?date=2025-05-08&time=12:00&people=2 HTTP/1.1" 200 0
INFO 2025-05-08 08:57:57,292 basehttp 68754 6199652352 "GET /api/restaurants/62 HTTP/1.1" 301 0
INFO 2025-05-08 08:57:57,298 basehttp 68754 6132346880 "OPTIONS /api/restaurants/62/ HTTP/1.1" 200 0
INFO 2025-05-08 08:57:57,298 basehttp 68754 6149173248 "OPTIONS /api/restaurants/62/ HTTP/1.1" 200 0
INFO 2025-05-08 08:57:57,512 views 68754 6216478720 Fetching time slots for restaurant 62
INFO 2025-05-08 08:57:57,616 basehttp 68754 6149173248 "GET /api/restaurants/62/ HTTP/1.1" 200 311
INFO 2025-05-08 08:57:57,922 basehttp 68754 6132346880 "GET /api/restaurants/62/ HTTP/1.1" 200 311
INFO 2025-05-08 08:58:00,716 views 68754 6216478720 Found 0 available time slots for restaurant 62
INFO 2025-05-08 08:58:00,716 basehttp 68754 6216478720 "GET /api/restaurants/62/time-slots/?date=2025-05-08&time=12:00&people=2 HTTP/1.1" 200 64
INFO 2025-05-08 08:58:00,936 views 68754 6132346880 Fetching time slots for restaurant 62
INFO 2025-05-08 08:58:04,056 views 68754 6132346880 Found 0 available time slots for restaurant 62
INFO 2025-05-08 08:58:04,057 basehttp 68754 6132346880 "GET /api/restaurants/62/time-slots/?date=2025-05-08&time=12:00&people=2 HTTP/1.1" 200 64
INFO 2025-05-08 08:58:04,057 basehttp 68754 6132346880 - Broken pipe from ('127.0.0.1', 53098)
INFO 2025-05-08 08:58:04,206 views 68754 6216478720 Fetching time slots for restaurant 62
INFO 2025-05-08 08:58:04,419 basehttp 68754 6131773440 "POST /api/token/refresh/ HTTP/1.1" 200 241
INFO 2025-05-08 08:58:04,507 basehttp 68754 6166573056 "GET /api/restaurants/62/ HTTP/1.1" 200 311
INFO 2025-05-08 08:58:04,818 basehttp 68754 6131773440 "GET /api/restaurants/62/ HTTP/1.1" 200 311
INFO 2025-05-08 08:58:06,692 basehttp 68754 6149173248 "GET /api/restaurants/hot/?page=1&pageSize=12 HTTP/1.1" 200 2960
INFO 2025-05-08 08:58:07,532 views 68754 6216478720 Found 0 available time slots for restaurant 62
INFO 2025-05-08 08:58:07,533 basehttp 68754 6216478720 "GET /api/restaurants/62/time-slots/?date=2025-05-08&time=12:00&people=2 HTTP/1.1" 200 64
INFO 2025-05-08 08:58:07,747 views 68754 6149173248 Fetching time slots for restaurant 62
INFO 2025-05-08 08:58:10,869 views 68754 6149173248 Found 0 available time slots for restaurant 62
INFO 2025-05-08 08:58:10,870 basehttp 68754 6149173248 "GET /api/restaurants/62/time-slots/?date=2025-05-08&time=12:00&people=2 HTTP/1.1" 200 64
INFO 2025-05-08 09:04:08,730 autoreload 70633 8483818624 Watching for file changes with StatReloader
INFO 2025-05-08 09:04:41,772 basehttp 70633 6207778816 "POST /api/token/refresh/ HTTP/1.1" 200 241
INFO 2025-05-08 09:04:44,042 basehttp 70633 6190952448 "GET /api/restaurants/hot/?page=1&pageSize=12 HTTP/1.1" 200 2960
INFO 2025-05-08 16:00:18,877 autoreload 72597 8483818624 Watching for file changes with StatReloader
INFO 2025-05-08 16:00:46,453 basehttp 72597 6135836672 "OPTIONS /api/restaurants/hot/?page=1&pageSize=12 HTTP/1.1" 200 0
INFO 2025-05-08 16:00:46,453 basehttp 72597 6152663040 "OPTIONS /api/token/refresh/ HTTP/1.1" 200 0
WARNING 2025-05-08 16:00:46,469 basehttp 72597 6152663040 "POST /api/token/refresh/ HTTP/1.1" 401 54
INFO 2025-05-08 16:00:48,771 basehttp 72597 6135836672 "GET /api/restaurants/hot/?page=1&pageSize=12 HTTP/1.1" 200 2960
INFO 2025-05-08 16:00:55,593 basehttp 72597 6135836672 "OPTIONS /api/users/login/ HTTP/1.1" 200 0
INFO 2025-05-08 16:00:55,596 views 72597 6135836672 Login attempt for username: man1
INFO 2025-05-08 16:00:55,912 views 72597 6135836672 User logged in successfully: man1
INFO 2025-05-08 16:00:55,913 basehttp 72597 6135836672 "POST /api/users/login/ HTTP/1.1" 200 606
INFO 2025-05-08 16:01:02,250 basehttp 72597 6135836672 "OPTIONS /api/restaurants/my-restaurants/ HTTP/1.1" 200 0
INFO 2025-05-08 16:01:02,251 basehttp 72597 6152663040 "OPTIONS /api/restaurants/my-restaurants/ HTTP/1.1" 200 0
INFO 2025-05-08 16:01:02,492 basehttp 72597 6135836672 "GET /api/restaurants/my-restaurants/ HTTP/1.1" 200 14358
INFO 2025-05-08 16:01:02,729 basehttp 72597 6152663040 "GET /api/restaurants/my-restaurants/ HTTP/1.1" 200 14358
INFO 2025-05-08 16:01:09,918 basehttp 72597 6152663040 "OPTIONS /api/restaurants/73/ HTTP/1.1" 200 0
INFO 2025-05-08 16:01:09,918 basehttp 72597 6135836672 "OPTIONS /api/restaurants/73/ HTTP/1.1" 200 0
INFO 2025-05-08 16:01:10,217 basehttp 72597 6152663040 "GET /api/restaurants/73/ HTTP/1.1" 200 566
INFO 2025-05-08 16:01:10,503 basehttp 72597 6135836672 "GET /api/restaurants/73/ HTTP/1.1" 200 566
INFO 2025-05-08 16:01:25,534 basehttp 72597 6135836672 "GET /api/restaurants/my-restaurants/ HTTP/1.1" 200 14358
INFO 2025-05-08 16:01:25,763 basehttp 72597 6152663040 "GET /api/restaurants/my-restaurants/ HTTP/1.1" 200 14358
INFO 2025-05-08 16:01:38,124 basehttp 72597 6152663040 "GET /api/restaurants/73/ HTTP/1.1" 200 566
INFO 2025-05-08 16:01:40,141 basehttp 72597 6135836672 "GET /api/restaurants/73/ HTTP/1.1" 200 566
INFO 2025-05-08 16:02:51,818 basehttp 72597 6135836672 "GET /api/restaurants/73/ HTTP/1.1" 200 566
INFO 2025-05-08 16:03:10,770 basehttp 72597 6152663040 "GET /api/restaurants/73/ HTTP/1.1" 200 566
INFO 2025-05-08 16:03:40,258 basehttp 72597 6152663040 "GET /api/restaurants/73/ HTTP/1.1" 200 566
INFO 2025-05-08 16:03:45,150 basehttp 72597 6152663040 "GET /api/restaurants/73/ HTTP/1.1" 200 566
INFO 2025-05-08 16:08:02,758 autoreload 72597 8483818624 /Users/vedantmehta/SJSU/Academics/Spring 25/CMPE 202 Software Systems Engineering/team-project-20202-gvp/backend/restaurants/views.py changed, reloading.
INFO 2025-05-08 16:08:03,033 autoreload 72988 8483818624 Watching for file changes with StatReloader
INFO 2025-05-08 16:08:24,353 basehttp 72988 6196850688 "GET /api/restaurants/73/ HTTP/1.1" 200 665
INFO 2025-05-08 16:08:47,628 autoreload 72988 8483818624 /Users/vedantmehta/SJSU/Academics/Spring 25/CMPE 202 Software Systems Engineering/team-project-20202-gvp/backend/restaurants/views.py changed, reloading.
INFO 2025-05-08 16:08:47,895 autoreload 73030 8483818624 Watching for file changes with StatReloader
INFO 2025-05-08 16:09:54,755 basehttp 73030 6183579648 "POST /api/token/refresh/ HTTP/1.1" 200 241
INFO 2025-05-08 16:09:56,830 basehttp 73030 6166753280 "GET /api/restaurants/hot/?page=1&pageSize=12 HTTP/1.1" 200 2960
INFO 2025-05-08 16:09:58,400 basehttp 73030 6166753280 "GET /api/restaurants/my-restaurants/ HTTP/1.1" 200 14358
INFO 2025-05-08 16:09:58,627 basehttp 73030 6183579648 "GET /api/restaurants/my-restaurants/ HTTP/1.1" 200 14358
INFO 2025-05-08 16:10:01,885 basehttp 73030 6183579648 "GET /api/restaurants/73/ HTTP/1.1" 200 665
INFO 2025-05-08 16:10:02,215 basehttp 73030 6166753280 "GET /api/restaurants/73/ HTTP/1.1" 200 665
INFO 2025-05-08 16:10:03,879 basehttp 73030 6166753280 "GET /api/restaurants/my-restaurants/ HTTP/1.1" 200 14358
INFO 2025-05-08 16:10:04,100 basehttp 73030 6183579648 "GET /api/restaurants/my-restaurants/ HTTP/1.1" 200 14358
INFO 2025-05-08 16:10:10,524 basehttp 73030 6183579648 "GET /api/restaurants/73/ HTTP/1.1" 200 665
INFO 2025-05-08 16:10:12,535 basehttp 73030 6166753280 "GET /api/restaurants/73/ HTTP/1.1" 200 665
INFO 2025-05-08 16:11:09,945 basehttp 73030 6166753280 "OPTIONS /api/restaurants/update/ HTTP/1.1" 200 0
INFO 2025-05-08 16:11:10,274 views 73030 6166753280 Updating restaurant 73 for manager: man1
INFO 2025-05-08 16:11:13,256 basehttp 73030 6166753280 "PUT /api/restaurants/update/ HTTP/1.1" 200 6993
INFO 2025-05-08 16:11:24,828 basehttp 73030 6166753280 "GET /api/restaurants/my-restaurants/ HTTP/1.1" 200 14358
INFO 2025-05-08 16:11:25,049 basehttp 73030 6183579648 "GET /api/restaurants/my-restaurants/ HTTP/1.1" 200 14358
INFO 2025-05-08 16:11:32,843 basehttp 73030 6183579648 "GET /api/restaurants/73/ HTTP/1.1" 200 568
INFO 2025-05-08 16:11:33,176 basehttp 73030 6166753280 "GET /api/restaurants/73/ HTTP/1.1" 200 568
INFO 2025-05-08 16:11:38,585 basehttp 73030 6166753280 "GET /api/restaurants/my-restaurants/ HTTP/1.1" 200 14358
INFO 2025-05-08 16:11:38,808 basehttp 73030 6183579648 "GET /api/restaurants/my-restaurants/ HTTP/1.1" 200 14358
INFO 2025-05-08 16:11:46,567 basehttp 73030 6183579648 "GET /api/restaurants/73/ HTTP/1.1" 200 568
INFO 2025-05-08 16:11:48,576 basehttp 73030 6166753280 "GET /api/restaurants/73/ HTTP/1.1" 200 568
INFO 2025-05-08 16:15:26,748 autoreload 73030 8483818624 /Users/vedantmehta/SJSU/Academics/Spring 25/CMPE 202 Software Systems Engineering/team-project-20202-gvp/backend/restaurants/views.py changed, reloading.
INFO 2025-05-08 16:15:27,115 autoreload 73431 8483818624 Watching for file changes with StatReloader
INFO 2025-05-08 16:15:37,370 autoreload 73431 8483818624 /Users/vedantmehta/SJSU/Academics/Spring 25/CMPE 202 Software Systems Engineering/team-project-20202-gvp/backend/restaurants/views.py changed, reloading.
INFO 2025-05-08 16:15:37,668 autoreload 73452 8483818624 Watching for file changes with StatReloader
INFO 2025-05-08 16:15:44,896 autoreload 73452 8483818624 /Users/vedantmehta/SJSU/Academics/Spring 25/CMPE 202 Software Systems Engineering/team-project-20202-gvp/backend/restaurants/views.py changed, reloading.
INFO 2025-05-08 16:15:45,175 autoreload 73471 8483818624 Watching for file changes with StatReloader
INFO 2025-05-08 16:15:46,339 autoreload 73471 8483818624 /Users/vedantmehta/SJSU/Academics/Spring 25/CMPE 202 Software Systems Engineering/team-project-20202-gvp/backend/restaurants/views.py changed, reloading.
INFO 2025-05-08 16:15:46,522 autoreload 73474 8483818624 Watching for file changes with StatReloader
INFO 2025-05-08 16:15:55,780 autoreload 73474 8483818624 /Users/vedantmehta/SJSU/Academics/Spring 25/CMPE 202 Software Systems Engineering/team-project-20202-gvp/backend/restaurants/views.py changed, reloading.
INFO 2025-05-08 16:15:55,999 autoreload 73490 8483818624 Watching for file changes with StatReloader
INFO 2025-05-08 16:16:05,212 autoreload 73490 8483818624 /Users/vedantmehta/SJSU/Academics/Spring 25/CMPE 202 Software Systems Engineering/team-project-20202-gvp/backend/restaurants/views.py changed, reloading.
INFO 2025-05-08 16:16:05,397 autoreload 73500 8483818624 Watching for file changes with StatReloader
INFO 2025-05-08 16:16:31,796 autoreload 73500 8483818624 /Users/vedantmehta/SJSU/Academics/Spring 25/CMPE 202 Software Systems Engineering/team-project-20202-gvp/backend/restaurants/views.py changed, reloading.
INFO 2025-05-08 16:16:32,057 autoreload 73508 8483818624 Watching for file changes with StatReloader
INFO 2025-05-08 16:17:11,111 basehttp 73508 6187937792 "POST /api/token/refresh/ HTTP/1.1" 200 241
INFO 2025-05-08 16:17:13,393 basehttp 73508 6187937792 "GET /api/restaurants/my-restaurants/ HTTP/1.1" 200 14358
INFO 2025-05-08 16:17:13,596 basehttp 73508 6171111424 "GET /api/restaurants/hot/?page=1&pageSize=12 HTTP/1.1" 200 2960
INFO 2025-05-08 16:17:13,645 basehttp 73508 6204764160 "GET /api/restaurants/my-restaurants/ HTTP/1.1" 200 14358
ERROR 2025-05-08 16:17:32,526 basehttp 73508 6204764160 "GET /api/restaurants/73/ HTTP/1.1" 500 99852
ERROR 2025-05-08 16:17:34,523 basehttp 73508 6171111424 "GET /api/restaurants/73/ HTTP/1.1" 500 99852
INFO 2025-05-08 16:18:21,455 autoreload 73508 8483818624 /Users/vedantmehta/SJSU/Academics/Spring 25/CMPE 202 Software Systems Engineering/team-project-20202-gvp/backend/restaurants/views.py changed, reloading.
INFO 2025-05-08 16:18:21,775 autoreload 73640 8483818624 Watching for file changes with StatReloader
WARNING 2025-05-08 16:18:46,310 basehttp 73640 6136672256 "GET /api/restaurants/73/ HTTP/1.1" 401 172
INFO 2025-05-08 16:18:46,519 basehttp 73640 6153498624 "POST /api/token/refresh/ HTTP/1.1" 200 241
INFO 2025-05-08 16:18:46,864 basehttp 73640 6153498624 "GET /api/restaurants/73/ HTTP/1.1" 200 568
INFO 2025-05-08 16:18:48,609 basehttp 73640 6170324992 "GET /api/restaurants/hot/?page=1&pageSize=12 HTTP/1.1" 200 2960
INFO 2025-05-08 16:18:49,001 basehttp 73640 6170324992 "GET /api/restaurants/my-restaurants/ HTTP/1.1" 200 14358
INFO 2025-05-08 16:18:49,217 basehttp 73640 6136672256 "GET /api/restaurants/my-restaurants/ HTTP/1.1" 200 14358
INFO 2025-05-08 16:18:51,859 basehttp 73640 6136672256 "OPTIONS /api/restaurants/42/ HTTP/1.1" 200 0
INFO 2025-05-08 16:18:51,859 basehttp 73640 6170324992 "OPTIONS /api/restaurants/42/ HTTP/1.1" 200 0
INFO 2025-05-08 16:18:52,199 basehttp 73640 6136672256 "GET /api/restaurants/42/ HTTP/1.1" 200 542
INFO 2025-05-08 16:18:52,545 basehttp 73640 6170324992 "GET /api/restaurants/42/ HTTP/1.1" 200 542
INFO 2025-05-08 16:18:53,602 basehttp 73640 6153498624 "GET /api/restaurants/my-restaurants/ HTTP/1.1" 200 14358
INFO 2025-05-08 16:18:53,818 basehttp 73640 6170324992 "GET /api/restaurants/my-restaurants/ HTTP/1.1" 200 14358
INFO 2025-05-08 16:20:00,671 basehttp 73640 6153498624 "POST /api/token/refresh/ HTTP/1.1" 200 241
INFO 2025-05-08 16:20:02,795 basehttp 73640 6153498624 "GET /api/restaurants/my-restaurants/ HTTP/1.1" 200 14358
INFO 2025-05-08 16:20:02,942 basehttp 73640 6136672256 "GET /api/restaurants/hot/?page=1&pageSize=12 HTTP/1.1" 200 2960
INFO 2025-05-08 16:22:06,529 autoreload 73640 8483818624 /Users/vedantmehta/SJSU/Academics/Spring 25/CMPE 202 Software Systems Engineering/team-project-20202-gvp/backend/restaurants/views.py changed, reloading.
INFO 2025-05-08 16:22:06,816 autoreload 73872 8483818624 Watching for file changes with StatReloader
INFO 2025-05-08 16:22:28,569 basehttp 73872 6123253760 "GET /api/restaurants/73/ HTTP/1.1" 200 584
INFO 2025-05-08 16:22:30,562 basehttp 73872 6140080128 "GET /api/restaurants/73/ HTTP/1.1" 200 584
INFO 2025-05-08 16:22:54,012 basehttp 73872 6123253760 "GET /api/restaurants/my-restaurants/ HTTP/1.1" 200 14358
INFO 2025-05-08 16:22:54,234 basehttp 73872 6156906496 "GET /api/restaurants/my-restaurants/ HTTP/1.1" 200 14358
INFO 2025-05-08 16:23:49,496 basehttp 73872 6123253760 "POST /api/token/refresh/ HTTP/1.1" 200 241
INFO 2025-05-08 16:23:51,576 basehttp 73872 6156906496 "GET /api/restaurants/hot/?page=1&pageSize=12 HTTP/1.1" 200 2960
INFO 2025-05-08 16:27:46,613 basehttp 73872 6156906496 "GET /api/restaurants/my-restaurants/ HTTP/1.1" 200 14358
INFO 2025-05-08 16:28:33,580 basehttp 73872 6123253760 "POST /api/token/refresh/ HTTP/1.1" 200 241
INFO 2025-05-08 16:28:35,711 basehttp 73872 6156906496 "GET /api/restaurants/hot/?page=1&pageSize=12 HTTP/1.1" 200 2960
INFO 2025-05-08 16:28:43,192 basehttp 73872 6123253760 "POST /api/token/refresh/ HTTP/1.1" 200 241
INFO 2025-05-08 16:28:45,302 basehttp 73872 6156906496 "GET /api/restaurants/hot/?page=1&pageSize=12 HTTP/1.1" 200 2960
INFO 2025-05-08 16:28:46,223 basehttp 73872 6123253760 "POST /api/token/refresh/ HTTP/1.1" 200 241
INFO 2025-05-08 16:28:48,435 basehttp 73872 6156906496 "GET /api/restaurants/hot/?page=1&pageSize=12 HTTP/1.1" 200 2960
